<?xml version="1.0" encoding="UTF-8"?>
<!-- Generated by org.testng.reporters.JUnitXMLReporter -->
<testsuite ignored="0" hostname="DESKTOP-SFNL3GE" failures="1" tests="1" name="Edge Test" time="0.017" errors="0" timestamp="2023-07-24T21:46:56 BST">
  <testcase classname="TestNG.Params" name="OpenApp" time="0.004">
    <failure type="java.lang.Error" message="Unresolved compilation problems: 
	Syntax error, insert &amp;quot;VariableDeclarators&amp;quot; to complete LocalVariableDeclaration
	Syntax error, insert &amp;quot;;&amp;quot; to complete LocalVariableDeclarationStatement
	void is an invalid type for the variable $missing$
	The method Login() is undefined for the type Params
	Syntax error, insert &amp;quot;;&amp;quot; to complete Statement
	Syntax error, insert &amp;quot;VariableDeclarators&amp;quot; to complete LocalVariableDeclaration
	Syntax error, insert &amp;quot;;&amp;quot; to complete LocalVariableDeclarationStatement
	void is an invalid type for the variable $missing$
	The method Search() is undefined for the type Params
	Syntax error, insert &amp;quot;;&amp;quot; to complete Statement
	Syntax error, insert &amp;quot;VariableDeclarators&amp;quot; to complete LocalVariableDeclaration
	Syntax error, insert &amp;quot;;&amp;quot; to complete LocalVariableDeclarationStatement
	void is an invalid type for the variable $missing$
	The method Teardown() is undefined for the type Params
	Syntax error, insert &amp;quot;;&amp;quot; to complete Statement
">
      <![CDATA[java.lang.Error: Unresolved compilation problems: 
Syntax error, insert "VariableDeclarators" to complete LocalVariableDeclaration
Syntax error, insert ";" to complete LocalVariableDeclarationStatement
void is an invalid type for the variable $missing$
The method Login() is undefined for the type Params
Syntax error, insert ";" to complete Statement
Syntax error, insert "VariableDeclarators" to complete LocalVariableDeclaration
Syntax error, insert ";" to complete LocalVariableDeclarationStatement
void is an invalid type for the variable $missing$
The method Search() is undefined for the type Params
Syntax error, insert ";" to complete Statement
Syntax error, insert "VariableDeclarators" to complete LocalVariableDeclaration
Syntax error, insert ";" to complete LocalVariableDeclarationStatement
void is an invalid type for the variable $missing$
The method Teardown() is undefined for the type Params
Syntax error, insert ";" to complete Statement

at TestNG.Params.OpenApp(Params.java:36)
at java.base/java.util.ArrayList.forEach(ArrayList.java:1511)
... Removed 25 stack frames]]>
    </failure>
  </testcase> <!-- OpenApp -->
</testsuite> <!-- Edge Test -->
